2021-06-07 17:33:22.469 | INFO     | __main__:<module>:31 - 程序開始...
2021-06-07 17:33:22.471 | INFO     | handler:run:98 - Debug模式啟動，數據不會寫入
2021-06-07 17:33:24.345 | SUCCESS  | __main__:<module>:34 - 程序結束，請至神策數據的default項目查看
2021-06-07 17:52:47.030 | INFO     | __main__:<module>:31 - 程序開始...
2021-06-07 17:52:47.032 | CRITICAL | handler:conf_check:57 - conf/config.ini 找到不該項目，請重新檢查, ERR: No section: 'defa'
2021-06-07 17:54:30.887 | INFO     | __main__:<module>:31 - 程序開始...
2021-06-07 17:54:30.890 | CRITICAL | handler:conf_check:57 - conf/config.ini 找到不該項目，請重新檢查, ERR: No section: 'defa'
2021-06-07 17:57:52.852 | INFO     | __main__:<module>:55 - 程序開始...
2021-06-07 17:57:52.854 | CRITICAL | handler:conf_check:61 - conf/config.ini 找到不該項目，請重新檢查, ERR: No section: 'defa'
2021-06-07 17:57:52.854 | ERROR    | __main__:<module>:61 - 程序異常結束..
2021-06-07 17:57:56.822 | INFO     | __main__:<module>:55 - 程序開始...
2021-06-07 17:57:56.823 | CRITICAL | handler:conf_check:61 - conf/config.ini 找到不該項目，請重新檢查, ERR: No section: 'defa'
2021-06-07 17:57:56.823 | ERROR    | __main__:<module>:61 - 程序異常結束..
2021-06-07 17:58:03.477 | INFO     | __main__:<module>:55 - 程序開始...
2021-06-07 17:58:03.478 | INFO     | handler:run:120 - 使用一般模式，數據寫入神策
2021-06-07 17:58:06.393 | ERROR    | __main__:<module>:61 - 程序異常結束..
2021-06-07 17:58:37.003 | INFO     | __main__:<module>:55 - 程序開始...
2021-06-07 17:58:37.005 | INFO     | handler:run:120 - 使用一般模式，數據寫入神策
2021-06-07 17:58:38.546 | SUCCESS  | __main__:<module>:59 - 程序結束，請至神策數據的default項目查看
2021-06-07 17:58:50.033 | INFO     | __main__:<module>:55 - 程序開始...
2021-06-07 17:58:50.034 | INFO     | handler:run:120 - 使用一般模式，數據寫入神策
2021-06-07 17:59:19.775 | SUCCESS  | __main__:<module>:59 - 程序結束，請至神策數據的default項目查看
